<?xml version="1.0" encoding="UTF-8"?>
<!-- Generated by org.testng.reporters.JUnitReportReporter -->
<testsuite hostname="DESKTOP-4VILPUC" failures="0" tests="1" name="com.inetbanking.testcase.addcustomer" time="23.430" errors="0" timestamp="2022-08-05T05:48:05 GMT-04:00" skipped="0">
  <testcase classname="com.inetbanking.testcase.addcustomer" name="testcase2" time="23.430"/>
  <system-out/>
</testsuite> <!-- com.inetbanking.testcase.addcustomer -->
