<?xml version="1.0" encoding="UTF-8"?>
<!-- Generated by org.testng.reporters.JUnitReportReporter -->
<testsuite hostname="DESKTOP-4VILPUC" failures="0" tests="1" name="com.inetbanking.pageobject.Handle" time="23.760" errors="0" timestamp="2022-07-21T12:47:15 GMT-04:00" skipped="0">
  <testcase classname="com.inetbanking.pageobject.Handle" name="Test" time="23.760"/>
  <system-out/>
</testsuite> <!-- com.inetbanking.pageobject.Handle -->
