<?xml version="1.0" encoding="UTF-8"?>
<!-- Generated by org.testng.reporters.JUnitReportReporter -->
<testsuite hostname="DESKTOP-4VILPUC" failures="0" tests="1" name="com.inetbaking.utilities.Reports2" time="1.277" errors="0" timestamp="2022-07-31T10:39:31 GMT-04:00" skipped="0">
  <testcase classname="com.inetbaking.utilities.Reports2" name="startreport" time="1.277"/>
  <system-out/>
</testsuite> <!-- com.inetbaking.utilities.Reports2 -->
