<?xml version="1.0" encoding="UTF-8"?>
<!-- Generated by org.testng.reporters.JUnitReportReporter -->
<testsuite hostname="DESKTOP-4VILPUC" failures="0" tests="1" name="com.inetbanking.testcase.TC_Loginpage_01" time="8.649" errors="0" timestamp="2022-07-31T12:16:28 GMT-04:00" skipped="0">
  <testcase classname="com.inetbanking.testcase.TC_Loginpage_01" name="login" time="8.649"/>
  <system-out/>
</testsuite> <!-- com.inetbanking.testcase.TC_Loginpage_01 -->
