<?xml version="1.0" encoding="UTF-8"?>
<!-- Generated by org.testng.reporters.JUnitReportReporter -->
<testsuite hostname="DESKTOP-4VILPUC" failures="0" tests="1" name="com.reports.reports" time="8.614" errors="0" timestamp="2022-07-31T05:44:51 GMT-04:00" skipped="0">
  <testcase classname="com.reports.reports" name="startreport" time="8.614"/>
  <system-out/>
</testsuite> <!-- com.reports.reports -->
