<?xml version="1.0" encoding="UTF-8"?>
<!-- Generated by org.testng.reporters.JUnitReportReporter -->
<testsuite hostname="DESKTOP-4VILPUC" failures="0" tests="1" name="com.inetbanking.testcase.TC_loginpage" time="38.543" errors="0" timestamp="2022-08-05T03:24:11 GMT-04:00" skipped="0">
  <testcase classname="com.inetbanking.testcase.TC_loginpage" name="test" time="38.543"/>
  <system-out/>
</testsuite> <!-- com.inetbanking.testcase.TC_loginpage -->
