<?xml version="1.0" encoding="UTF-8"?>
<!-- Generated by org.testng.reporters.JUnitReportReporter -->
<testsuite hostname="DESKTOP-4VILPUC" failures="0" tests="1" name="com.reports.Screenshot_reports" time="0.633" errors="0" timestamp="2022-07-30T13:11:50 GMT-04:00" skipped="0">
  <testcase classname="com.reports.Screenshot_reports" name="startreport" time="0.633"/>
  <system-out/>
</testsuite> <!-- com.reports.Screenshot_reports -->
